[    0.000000] Initializing cgroup subsys cpuset
[    0.000000] Initializing cgroup subsys cpu
[    0.000000] Initializing cgroup subsys cpuacct
[    0.000000] Linux version 4.4.0-96-generic (buildd@lgw01-10) (gcc version 5.4.0 20160609 (Ubuntu 5.4.0-6ubuntu1~16.04.4) ) #119-Ubuntu SMP Tue Sep 12 14:59:54 UTC 2017 (Ubuntu 4.4.0-96.119-generic 4.4.83)
[    0.000000] Command line: BOOT_IMAGE=/boot/vmlinuz-4.4.0-96-generic root=LABEL=cloudimg-rootfs ro console=tty1 console=ttyS0
[    0.000000] KERNEL supported cpus:
[    0.000000]   Intel GenuineIntel
[    0.000000]   AMD AuthenticAMD
[    0.000000]   Centaur CentaurHauls
[    0.000000] x86/fpu: xstate_offset[2]:  576, xstate_sizes[2]:  256
[    0.000000] x86/fpu: Supporting XSAVE feature 0x01: 'x87 floating point registers'
[    0.000000] x86/fpu: Supporting XSAVE feature 0x02: 'SSE registers'
[    0.000000] x86/fpu: Supporting XSAVE feature 0x04: 'AVX registers'
[    0.000000] x86/fpu: Enabled xstate features 0x7, context size is 832 bytes, using 'standard' format.
[    0.000000] x86/fpu: Using 'lazy' FPU context switches.
[    0.000000] e820: BIOS-provided physical RAM map:
[    0.000000] BIOS-e820: [mem 0x0000000000000000-0x000000000009fbff] usable
[    0.000000] BIOS-e820: [mem 0x000000000009fc00-0x000000000009ffff] reserved
[    0.000000] BIOS-e820: [mem 0x00000000000f0000-0x00000000000fffff] reserved
[    0.000000] BIOS-e820: [mem 0x0000000000100000-0x000000003ffeffff] usable
[    0.000000] BIOS-e820: [mem 0x000000003fff0000-0x000000003fffffff] ACPI data
[    0.000000] BIOS-e820: [mem 0x00000000fec00000-0x00000000fec00fff] reserved
[    0.000000] BIOS-e820: [mem 0x00000000fee00000-0x00000000fee00fff] reserved
[    0.000000] BIOS-e820: [mem 0x00000000fffc0000-0x00000000ffffffff] reserved
[    0.000000] NX (Execute Disable) protection: active
[    0.000000] SMBIOS 2.5 present.
[    0.000000] Hypervisor detected: KVM
[    0.000000] e820: last_pfn = 0x3fff0 max_arch_pfn = 0x400000000
[    0.000000] MTRR: Disabled
[    0.000000] x86/PAT: MTRRs disabled, skipping PAT initialization too.
[    0.000000] CPU MTRRs all blank - virtualized system.
[    0.000000] x86/PAT: Configuration [0-7]: WB  WT  UC- UC  WB  WT  UC- UC  
[    0.000000] found SMP MP-table at [mem 0x0009fff0-0x0009ffff] mapped at [ffff88000009fff0]
[    0.000000] Scanning 1 areas for low memory corruption
[    0.000000] RAMDISK: [mem 0x36ad0000-0x3755ffff]
[    0.000000] ACPI: Early table checksum verification disabled
[    0.000000] ACPI: RSDP 0x00000000000E0000 000024 (v02 VBOX  )
[    0.000000] ACPI: XSDT 0x000000003FFF0030 00003C (v01 VBOX   VBOXXSDT 00000001 ASL  00000061)
[    0.000000] ACPI: FACP 0x000000003FFF00F0 0000F4 (v04 VBOX   VBOXFACP 00000001 ASL  00000061)
[    0.000000] ACPI: DSDT 0x000000003FFF0470 0021C8 (v02 VBOX   VBOXBIOS 00000002 INTL 20100528)
[    0.000000] ACPI: FACS 0x000000003FFF0200 000040
[    0.000000] ACPI: FACS 0x000000003FFF0200 000040
[    0.000000] ACPI: APIC 0x000000003FFF0240 000054 (v02 VBOX   VBOXAPIC 00000001 ASL  00000061)
[    0.000000] ACPI: SSDT 0x000000003FFF02A0 0001CC (v01 VBOX   VBOXCPUT 00000002 INTL 20100528)
[    0.000000] No NUMA configuration found
[    0.000000] Faking a node at [mem 0x0000000000000000-0x000000003ffeffff]
[    0.000000] NODE_DATA(0) allocated [mem 0x3ffeb000-0x3ffeffff]
[    0.000000] kvm-clock: Using msrs 4b564d01 and 4b564d00
[    0.000000] kvm-clock: cpu 0, msr 0:3ffe3001, primary cpu clock
[    0.000000] kvm-clock: using sched offset of 3447142337 cycles
[    0.000000] clocksource: kvm-clock: mask: 0xffffffffffffffff max_cycles: 0x1cd42e4dffb, max_idle_ns: 881590591483 ns
[    0.000000] Zone ranges:
[    0.000000]   DMA      [mem 0x0000000000001000-0x0000000000ffffff]
[    0.000000]   DMA32    [mem 0x0000000001000000-000000003ffeffff]
[    0.000000]   Normal   empty
[    0.000000]   Device   empty
[    0.000000] Movable zone start for each node
[    0.000000] Early memory node ranges
[    0.000000]   node   0: [mem 0x0000000000001000-0x000000000009efff]
[    0.000000]   node   0: [mem 0x0000000000100000-0x000000003ffeffff]
[    0.000000] Initmem setup node 0 [mem 0x0000000000001000-0x000000003ffeffff]
[    0.000000] ACPI: PM-Timer IO Port: 0x4008
[    0.000000] IOAPIC[0]: apic_id 1, version 32, address 0xfec00000, GSI 0-23
[    0.000000] ACPI: INT_SRC_OVR (bus 0 bus_irq 0 global_irq 2 dfl dfl)
[    0.000000] ACPI: INT_SRC_OVR (bus 0 bus_irq 9 global_irq 9 high level)
[    0.000000] Using ACPI (MADT) for SMP configuration information
[    0.000000] smpboot: Allowing 1 CPUs, 0 hotplug CPUs
[    0.000000] PM: Registered nosave memory: [mem 0x00000000-0x00000fff]
[    0.000000] PM: Registered nosave memory: [mem 0x0009f000-0x0009ffff]
[    0.000000] PM: Registered nosave memory: [mem 0x000a0000-0x000effff]
[    0.000000] PM: Registered nosave memory: [mem 0x000f0000-0x000fffff]
[    0.000000] e820: [mem 0x40000000-0xfebfffff] available for PCI devices
[    0.000000] Booting paravirtualized kernel on KVM
[    0.000000] clocksource: refined-jiffies: mask: 0xffffffff max_cycles: 0xffffffff, max_idle_ns: 7645519600211568 ns
[    0.000000] setup_percpu: NR_CPUS:512 nr_cpumask_bits:512 nr_cpu_ids:1 nr_node_ids:1
[    0.000000] PERCPU: Embedded 34 pages/cpu @ffff88003fc00000 s98328 r8192 d32744 u2097152
[    0.000000] PV qspinlock hash table entries: 256 (order: 0, 4096 bytes)
[    0.000000] Built 1 zonelists in Node order, mobility grouping on.  Total pages: 257913
[    0.000000] Policy zone: DMA32
[    0.000000] Kernel command line: BOOT_IMAGE=/boot/vmlinuz-4.4.0-96-generic root=LABEL=cloudimg-rootfs ro console=tty1 console=ttyS0
[    0.000000] PID hash table entries: 4096 (order: 3, 32768 bytes)
[    0.000000] Memory: 1001884K/1048120K available (8479K kernel code, 1294K rwdata, 3984K rodata, 1492K init, 1316K bss, 46236K reserved, 0K cma-reserved)
[    0.000000] SLUB: HWalign=64, Order=0-3, MinObjects=0, CPUs=1, Nodes=1
[    0.000000] Hierarchical RCU implementation.
[    0.000000] 	Build-time adjustment of leaf fanout to 64.
[    0.000000] 	RCU restricting CPUs from NR_CPUS=512 to nr_cpu_ids=1.
[    0.000000] RCU: Adjusting geometry for rcu_fanout_leaf=64, nr_cpu_ids=1
[    0.000000] NR_IRQS:33024 nr_irqs:256 16
[    0.000000] Console: colour VGA+ 80x25
[    0.000000] console [tty1] enabled
[    0.000000] console [ttyS0] enabled
[    0.000000] tsc: Detected 3192.746 MHz processor
[    3.111047] Calibrating delay loop (skipped) preset value.. 6385.49 BogoMIPS (lpj=12770984)
[    3.112591] pid_max: default: 32768 minimum: 301
[    3.207203] ACPI: Core revision 20150930
[    3.312937] ACPI: 2 ACPI AML tables successfully acquired and loaded
[    3.491833] Security Framework initialized
[    3.555224] Yama: becoming mindful.
[    3.555899] AppArmor: AppArmor initialized
[    3.556697] Dentry cache hash table entries: 131072 (order: 8, 1048576 bytes)
[    3.604296] Inode-cache hash table entries: 65536 (order: 7, 524288 bytes)
[    3.619706] Mount-cache hash table entries: 2048 (order: 2, 16384 bytes)
[    3.799450] Mountpoint-cache hash table entries: 2048 (order: 2, 16384 bytes)
[    4.018691] Initializing cgroup subsys io
[    4.141385] Initializing cgroup subsys memory
[    4.188820] Initializing cgroup subsys devices
[    4.193729] Initializing cgroup subsys freezer
[    4.195854] Initializing cgroup subsys net_cls
[    4.245354] Initializing cgroup subsys perf_event
[    4.359022] Initializing cgroup subsys net_prio
[    4.393819] Initializing cgroup subsys hugetlb
[    4.394624] Initializing cgroup subsys pids
[    4.395512] CPU: Physical Processor ID: 0
[    4.396523] mce: CPU supports 0 MCE banks
[    4.397293] process: using mwait in idle threads
[    4.418313] Last level iTLB entries: 4KB 512, 2MB 8, 4MB 8
[    4.553521] Last level dTLB entries: 4KB 512, 2MB 32, 4MB 32, 1GB 0
[    4.659289] Freeing SMP alternatives memory: 32K
[    4.812704] ftrace: allocating 32146 entries in 126 pages
[    4.943107] smpboot: APIC(0) Converting physical 0 to logical package 0
[    5.111452] smpboot: Max logical packages: 1
[    5.201938] x2apic enabled
[    5.274102] Switched APIC routing to physical x2apic.
[    5.309119] ..TIMER: vector=0x30 apic1=0 pin1=2 apic2=-1 pin2=-1
[    5.563022] smpboot: CPU0: Intel(R) Core(TM) i5-3470 CPU @ 3.20GHz (family: 0x6, model: 0x3a, stepping: 0x9)
[    5.826443] Performance Events: unsupported p6 CPU model 58 no PMU driver, software events only.
[    6.093055] KVM setup paravirtual spinlock
[    6.187676] x86: Booted up 1 node, 1 CPUs
[    6.188403] smpboot: Total of 1 processors activated (6385.49 BogoMIPS)
[    6.310923] devtmpfs: initialized
[    6.363726] evm: security.selinux
[    6.364382] evm: security.SMACK64
[    6.365020] evm: security.SMACK64EXEC
[    6.365730] evm: security.SMACK64TRANSMUTE
[    6.374943] evm: security.SMACK64MMAP
[    6.398018] evm: security.ima
[    6.472000] evm: security.capability
[    6.559742] clocksource: jiffies: mask: 0xffffffff max_cycles: 0xffffffff, max_idle_ns: 7645041785100000 ns
[    6.811879] futex hash table entries: 256 (order: 2, 16384 bytes)
[    6.815499] pinctrl core: initialized pinctrl subsystem
[    6.974016] RTC time: 13:50:17, date: 10/10/17
[    7.058755] NET: Registered protocol family 16
[    7.149550] cpuidle: using governor ladder
[    7.274852] cpuidle: using governor menu
[    7.375927] PCCT header not found.
[    7.452545] ACPI: bus type PCI registered
[    7.470134] acpiphp: ACPI Hot Plug PCI Controller Driver version: 0.5
[    7.657759] PCI: Using configuration type 1 for base access
[    7.809282] ACPI: Added _OSI(Module Device)
[    7.913565] ACPI: Added _OSI(Processor Device)
[    7.985624] ACPI: Added _OSI(3.0 _SCP Extensions)
[    7.986420] ACPI: Added _OSI(Processor Aggregator Device)
[    7.987840] ACPI: Executed 1 blocks of module-level executable AML code
[    7.992547] ACPI: Interpreter enabled
[    7.993214] ACPI: (supports S0 S5)
[    7.993840] ACPI: Using IOAPIC for interrupt routing
[    7.994778] PCI: Using host bridge windows from ACPI; if necessary, use "pci=nocrs" and report a bug
[    7.999315] ACPI: PCI Root Bridge [PCI0] (domain 0000 [bus 00-ff])
[    8.000283] acpi PNP0A03:00: _OSC: OS supports [ASPM ClockPM Segments MSI]
[    8.001350] acpi PNP0A03:00: _OSC failed (AE_NOT_FOUND); disabling ASPM
[    8.015158] acpi PNP0A03:00: fail to add MMCONFIG information, can't access extended PCI configuration space under this bridge.
[    8.017286] PCI host bridge to bus 0000:00
[    8.018033] pci_bus 0000:00: root bus resource [io  0x0000-0x0cf7 window]
[    8.019163] pci_bus 0000:00: root bus resource [io  0x0d00-0xffff window]
[    8.110794] pci_bus 0000:00: root bus resource [mem 0x000a0000-0x000bffff window]
[    8.334418] pci_bus 0000:00: root bus resource [mem 0x40000000-0xffdfffff window]
[    8.533600] pci_bus 0000:00: root bus resource [bus 00-ff]
[    8.596602] pci 0000:00:01.1: legacy IDE quirk: reg 0x10: [io  0x01f0-0x01f7]
[    8.604201] pci 0000:00:01.1: legacy IDE quirk: reg 0x14: [io  0x03f6]
[    8.762552] pci 0000:00:01.1: legacy IDE quirk: reg 0x18: [io  0x0170-0x0177]
[    8.792484] pci 0000:00:01.1: legacy IDE quirk: reg 0x1c: [io  0x0376]
[    8.806210] pci 0000:00:07.0: quirk: [io  0x4000-0x403f] claimed by PIIX4 ACPI
[    8.888586] pci 0000:00:07.0: quirk: [io  0x4100-0x410f] claimed by PIIX4 SMB
[    9.122774] ACPI: PCI Interrupt Link [LNKA] (IRQs 5 9 10 *11)
[    9.262568] ACPI: PCI Interrupt Link [LNKB] (IRQs 5 9 10 *11)
[    9.421216] ACPI: PCI Interrupt Link [LNKC] (IRQs 5 9 *10 11)
[    9.568689] ACPI: PCI Interrupt Link [LNKD] (IRQs 5 *9 10 11)
[    9.634676] ACPI: Enabled 2 GPEs in block 00 to 07
[    9.685491] vgaarb: setting as boot device: PCI:0000:00:02.0
[    9.803812] vgaarb: device added: PCI:0000:00:02.0,decodes=io+mem,owns=io+mem,locks=none
[    9.954039] vgaarb: loaded
[    9.954594] vgaarb: bridge control possible 0000:00:02.0
[    9.955736] SCSI subsystem initialized
[    9.956505] ACPI: bus type USB registered
[    9.957241] usbcore: registered new interface driver usbfs
[    9.958185] usbcore: registered new interface driver hub
[    9.959050] usbcore: registered new device driver usb
[    9.960049] PCI: Using ACPI for IRQ routing
[    9.962943] NetLabel: Initializing
[    9.963577] NetLabel:  domain hash size = 128
[    9.981882] NetLabel:  protocols = UNLABELED CIPSOv4
[    9.982761] NetLabel:  unlabeled traffic allowed by default
[    9.983772] amd_nb: Cannot enumerate AMD northbridges
[    9.984648] clocksource: Switched to clocksource kvm-clock
[    9.993370] AppArmor: AppArmor Filesystem Enabled
[   10.087832] pnp: PnP ACPI init
[   10.187588] pnp: PnP ACPI: found 3 devices
[   10.307626] clocksource: acpi_pm: mask: 0xffffff max_cycles: 0xffffff, max_idle_ns: 2085701024 ns
[   10.484732] NET: Registered protocol family 2
[   10.487457] TCP established hash table entries: 8192 (order: 4, 65536 bytes)
[   10.506766] TCP bind hash table entries: 8192 (order: 5, 131072 bytes)
[   10.507837] TCP: Hash tables configured (established 8192 bind 8192)
[   10.537009] UDP hash table entries: 512 (order: 2, 16384 bytes)
[   10.537990] UDP-Lite hash table entries: 512 (order: 2, 16384 bytes)
[   10.539033] NET: Registered protocol family 1
[   10.539823] pci 0000:00:00.0: Limiting direct PCI/PCI transfers
[   10.559341] pci 0000:00:01.0: Activating ISA DMA hang workarounds
[   10.560632] Unpacking initramfs...
[   12.187046] Freeing initrd memory: 10816K
[   12.305760] RAPL PMU detected, API unit is 2^-32 Joules, 3 fixed counters 10737418240 ms ovfl timer
[   12.552069] hw unit of domain pp0-core 2^-0 Joules
[   12.701622] hw unit of domain package 2^-0 Joules
[   12.861964] hw unit of domain pp1-gpu 2^-0 Joules
[   12.936223] platform rtc_cmos: registered platform RTC device (no PNP device found)
[   12.966809] Scanning for low memory corruption every 60 seconds
[   12.968052] audit: initializing netlink subsys (disabled)
[   12.982043] audit: type=2000 audit(1507643419.224:1): initialized
[   13.065784] Initialise system trusted keyring
[   13.181502] HugeTLB registered 2 MB page size, pre-allocated 0 pages
[   13.288853] zbud: loaded
[   13.289604] VFS: Disk quotas dquot_6.6.0
[   13.290349] VFS: Dquot-cache hash table entries: 512 (order 0, 4096 bytes)
[   13.294280] squashfs: version 4.0 (2009/01/31) Phillip Lougher
[   13.295453] fuse init (API version 7.23)
[   13.296302] Key type big_key registered
[   13.297059] Allocating IMA MOK and blacklist keyrings.
[   13.298142] Key type asymmetric registered
[   13.298868] Asymmetric key parser 'x509' registered
[   13.299728] Block layer SCSI generic (bsg) driver version 0.4 loaded (major 249)
[   13.480477] io scheduler noop registered
[   13.598466] io scheduler deadline registered (default)
[   13.599365] io scheduler cfq registered
[   13.600172] pci_hotplug: PCI Hot Plug PCI Core version: 0.5
[   13.601168] pciehp: PCI Express Hot Plug Controller Driver version: 0.4
[   13.602365] ACPI: AC Adapter [AC] (on-line)
[   13.603180] input: Power Button as /devices/LNXSYSTM:00/LNXPWRBN:00/input/input0
[   13.606179] ACPI: Power Button [PWRF]
[   13.607000] input: Sleep Button as /devices/LNXSYSTM:00/LNXSLPBN:00/input/input1
[   13.737662] ACPI: Sleep Button [SLPF]
[   13.738490] GHES: HEST is not enabled!
[   13.739279] Serial: 8250/16550 driver, 32 ports, IRQ sharing enabled
[   13.809286] 00:02: ttyS0 at I/O 0x3f8 (irq = 4, base_baud = 115200) is a 16550A
[   13.919009] Linux agpgart interface v0.103
[   13.920622] loop: module loaded
[   13.921699] scsi host0: ata_piix
[   13.922412] scsi host1: ata_piix
[   13.932845] tsc: Refined TSC clocksource calibration: 3194.559 MHz
[   13.959784] clocksource: tsc: mask: 0xffffffffffffffff max_cycles: 0x2e0c35c7962, max_idle_ns: 440795219118 ns
[   14.235964] ata1: PATA max UDMA/33 cmd 0x1f0 ctl 0x3f6 bmdma 0xd000 irq 14
[   14.470783] ata2: PATA max UDMA/33 cmd 0x170 ctl 0x376 bmdma 0xd008 irq 15
[   14.524040] libphy: Fixed MDIO Bus: probed
[   14.524766] tun: Universal TUN/TAP device driver, 1.6
[   14.525659] tun: (C) 1999-2004 Max Krasnyansky <maxk@qualcomm.com>
[   14.535744] PPP generic driver version 2.4.2
[   14.654920] ehci_hcd: USB 2.0 'Enhanced' Host Controller (EHCI) Driver
[   14.690249] ehci-pci: EHCI PCI platform driver
[   14.691042] ehci-platform: EHCI generic platform driver
[   14.691931] ohci_hcd: USB 1.1 'Open' Host Controller (OHCI) Driver
[   14.692975] ohci-pci: OHCI PCI platform driver
[   14.693777] ohci-platform: OHCI generic platform driver
[   14.747752] uhci_hcd: USB Universal Host Controller Interface driver
[   14.913403] i8042: PNP: PS/2 Controller [PNP0303:PS2K,PNP0f03:PS2M] at 0x60,0x64 irq 1,12
[   14.916449] serio: i8042 KBD port at 0x60,0x64 irq 1
[   14.917343] serio: i8042 AUX port at 0x60,0x64 irq 12
[   14.918304] mousedev: PS/2 mouse device common for all mice
[   15.017402] input: AT Translated Set 2 keyboard as /devices/platform/i8042/serio0/input/input2
[   15.165142] rtc_cmos rtc_cmos: rtc core: registered rtc_cmos as rtc0
[   15.340279] rtc_cmos rtc_cmos: alarms up to one day, 114 bytes nvram
[   15.366715] i2c /dev entries driver
[   15.437065] device-mapper: uevent: version 1.0.3
[   15.568993] device-mapper: ioctl: 4.34.0-ioctl (2015-10-28) initialised: dm-devel@redhat.com
[   15.570453] ledtrig-cpu: registered to indicate activity on CPUs
[   15.571679] NET: Registered protocol family 10
[   15.572580] NET: Registered protocol family 17
[   15.573397] Key type dns_resolver registered
[   15.574299] microcode: CPU0 sig=0x306a9, pf=0x2, revision=0x19
[   15.575269] microcode: Microcode Update Driver: v2.01 <tigran@aivazian.fsnet.co.uk>, Peter Oruba
[   15.718168] registered taskstats version 1
[   15.853583] Loading compiled-in X.509 certificates
[   16.006494] Loaded X.509 cert 'Build time autogenerated kernel key: b1a6ea8776bed2812c00d8a799f968274ef48628'
[   16.009540] zswap: loaded using pool lzo/zbud
[   16.011556] Key type trusted registered
[   16.014259] Key type encrypted registered
[   16.014990] AppArmor: AppArmor sha1 policy hashing enabled
[   16.017636] ima: No TPM chip found, activating TPM-bypass!
[   16.032272] evm: HMAC attrs: 0x1
[   16.033260]   Magic number: 5:940:836
[   16.034030] rtc_cmos rtc_cmos: setting system clock to 2017-10-10 13:50:26 UTC (1507643426)
[   16.035578] BIOS EDD facility v0.16 2004-Jun-25, 0 devices found
[   16.074124] EDD information not available.
[   16.076059] Freeing unused kernel memory: 1492K
[   16.077922] Write protecting the kernel read-only data: 14336k
[   16.079203] Freeing unused kernel memory: 1748K
[   16.122469] Freeing unused kernel memory: 112K
Loading, please [   16.132788] random: udevadm: uninitialized urandom read (16 bytes read, 4 bits of entropy available)
wait...
starting version 229
[   16.157060] random: systemd-udevd: uninitialized urandom read (16 bytes read, 4 bits of entropy available)
[   16.209829] random: udevadm: uninitialized urandom read (16 bytes read, 4 bits of entropy available)
[   16.245859] random: systemd-udevd: uninitialized urandom read (16 bytes read, 4 bits of entropy available)
[   16.247466] random: systemd-udevd: uninitialized urandom read (16 bytes read, 4 bits of entropy available)
[   16.249053] random: systemd-udevd: uninitialized urandom read (16 bytes read, 4 bits of entropy available)
[   16.251501] random: udevadm: uninitialized urandom read (16 bytes read, 4 bits of entropy available)
[   16.290274] random: udevadm: uninitialized urandom read (16 bytes read, 4 bits of entropy available)
[   16.311260] random: udevadm: uninitialized urandom read (16 bytes read, 4 bits of entropy available)
[   16.334306] random: udevadm: uninitialized urandom read (16 bytes read, 4 bits of entropy available)
[   16.426932] e1000: Intel(R) PRO/1000 Network Driver - version 7.3.21-k8-NAPI
[   16.617644] e1000: Copyright (c) 1999-2006 Intel Corporation.
[   16.742776] Fusion MPT base driver 3.04.20
[   16.873482] Copyright (c) 1999-2008 LSI Corporation
[   16.994986] AVX version of gcm_enc/dec engaged.
[   17.002147] AES CTR mode by8 optimization enabled
[   17.033431] Fusion MPT SPI Host driver 3.04.20
[   17.066464] mptbase: ioc0: Initiating bringup
[   17.178229] input: ImExPS/2 Generic Explorer Mouse as /devices/platform/i8042/serio1/input/input4
[   17.213325] ioc0: LSI53C1030 A0: Capabilities={Initiator}
[   17.438272] scsi host2: ioc0: LSI53C1030 A0, FwRev=00000000h, Ports=1, MaxQ=256, IRQ=20
[   17.794607] scsi 2:0:0:0: Direct-Access     VBOX     HARDDISK         1.0  PQ: 0 ANSI: 5
[   17.980853] scsi target2:0:0: Beginning Domain Validation
[   18.187939] scsi target2:0:0: Domain Validation skipping write tests
[   18.226616] scsi target2:0:0: Ending Domain Validation
[   18.261533] scsi target2:0:0: asynchronous
[   18.307706] scsi 2:0:1:0: Direct-Access     VBOX     HARDDISK         1.0  PQ: 0 ANSI: 5
[   18.335654] scsi target2:0:1: Beginning Domain Validation
[   18.493086] scsi target2:0:1: Domain Validation skipping write tests
[   18.592900] scsi target2:0:1: Ending Domain Validation
[   18.674623] scsi target2:0:1: asynchronous
[   18.769955] sd 2:0:0:0: Attached scsi generic sg0 type 0
[   18.772019] sd 2:0:0:0: [sda] 20971520 512-byte logical blocks: (10.7 GB/10.0 GiB)
[   18.933556] sd 2:0:1:0: Attached scsi generic sg1 type 0
[   19.066169] sd 2:0:1:0: [sdb] 20480 512-byte logical blocks: (10.5 MB/10.0 MiB)
[   19.250058] e1000 0000:00:03.0 eth0: (PCI:33MHz:32-bit) 02:79:78:05:52:90
[   19.364242] e1000 0000:00:03.0 eth0: Intel(R) PRO/1000 Network Connection
[   19.372568] sd 2:0:0:0: [sda] Write Protect is off
[   19.373501] sd 2:0:1:0: [sdb] Write Protect is off
[   19.374442] sd 2:0:0:0: [sda] Incomplete mode parameter data
[   19.377176] sd 2:0:0:0: [sda] Assuming drive cache: write through
[   19.378239] sd 2:0:1:0: [sdb] Incomplete mode parameter data
[   19.379188] sd 2:0:1:0: [sdb] Assuming drive cache: write through
[   19.448040]  sda: sda1
[   19.471515] sd 2:0:1:0: [sdb] Attached SCSI disk
[   19.605487] sd 2:0:0:0: [sda] Attached SCSI disk
[   19.981576] e1000 0000:00:08.0 eth1: (PCI:33MHz:32-bit) 08:00:27:b1:66:4c
[   19.989062] e1000 0000:00:08.0 eth1: Intel(R) PRO/1000 Network Connection
[   20.008870] floppy0: no floppy controllers found
[   20.349251] e1000 0000:00:09.0 eth2: (PCI:33MHz:32-bit) 08:00:27:2a:7c:07
[   20.512876] e1000 0000:00:09.0 eth2: Intel(R) PRO/1000 Network Connection
[   20.634469] e1000 0000:00:09.0 enp0s9: renamed from eth2
[   20.637405] e1000 0000:00:08.0 enp0s8: renamed from eth1
[   20.640212] e1000 0000:00:03.0 enp0s3: renamed from eth0
Begin: Loading e[   22.045709] md: linear personality registered for level -1
ssential drivers[   22.197898] md: multipath personality registered for level -4
 ... [   22.328493] md: raid0 personality registered for level 0
[   22.374982] md: raid1 personality registered for level 1
[   22.476707] raid6: sse2x1   gen()  9225 MB/s
[   22.548962] raid6: sse2x1   xor()  7251 MB/s
[   22.689160] raid6: sse2x2   gen() 10675 MB/s
[   22.760893] raid6: sse2x2   xor()  8129 MB/s
[   22.928885] raid6: sse2x4   gen() 13346 MB/s
[   23.061027] raid6: sse2x4   xor()  9693 MB/s
[   23.154544] raid6: using algorithm sse2x4 gen() 13346 MB/s
[   23.155531] raid6: .... xor() 9693 MB/s, rmw enabled
[   23.156386] raid6: using ssse3x2 recovery algorithm
[   23.159517] xor: automatically using best checksumming function:
[   23.201096]    avx       : 18983.000 MB/sec
[   23.227394] async_tx: api initialized (async)
[   23.314027] md: raid6 personality registered for level 6
[   23.326563] md: raid5 personality registered for level 5
[   23.333944] md: raid4 personality registered for level 4
[   23.339984] md: raid10 personality registered for level 10
done.
Begin: Running /scripts/init-p[   23.505215] Btrfs loaded
remount ... done.
Begin: Mounting root file system ... Begin: Running /scripts/local-top ... done.
Begin: Running /scripts/local-premount ... Scanning for Btrfs filesystems
done.
Warning: fsck not present, so skipping root file system
[   23.695519] EXT4-fs (sda1): mounted filesystem with ordered data mode. Opts: (null)
done.
Begin: Running /scripts/local-bottom ... done.
Begin: Running /scripts/init-bottom ... done.
[   24.263698] systemd[1]: systemd 229 running in system mode. (+PAM +AUDIT +SELINUX +IMA +APPARMOR +SMACK +SYSVINIT +UTMP +LIBCRYPTSETUP +GCRYPT +GNUTLS +ACL +XZ -LZ4 +SECCOMP +BLKID +ELFUTILS +KMOD -IDN)
[   24.465261] systemd[1]: Detected virtualization oracle.
[   24.625008] systemd[1]: Detected architecture x86-64.

Welcome to [1mUbuntu 16.04.3 LTS[0m!

[   24.881909] systemd[1]: Set hostname to <ubuntu>.
[   24.915988] random: nonblocking pool is initialized
[   25.079120] systemd[1]: Initializing machine ID from random generator.
[   25.218884] systemd[1]: Installed transient /etc/machine-id file.
[   26.015824] systemd[1]: Created slice User and Session Slice.
[[0;32m  OK  [0m] Created slice User and Session Slice.
[   26.253225] systemd[1]: Started Forward Password Requests to Wall Directory Watch.
[[0;32m  OK  [0m] Started Forward Password Requests to Wall Directory Watch.
[   26.589451] systemd[1]: Listening on LVM2 poll daemon socket.
[[0;32m  OK  [0m] Listening on LVM2 poll daemon socket.
[   26.591816] systemd[1]: Listening on Device-mapper event daemon FIFOs.
[[0;32m  OK  [0m] Listening on Device-mapper event daemon FIFOs.
[   26.594302] systemd[1]: Listening on Journal Audit Socket.
[[0;32m  OK  [0m] Listening on Journal Audit Socket.
[   26.596663] systemd[1]: Set up automount Arbitrary Executable File Formats File System Automount Point.
[[0;32m  OK  [0m] Set up automount Arbitrary Executab...ats File System Automount Point.
[   26.905040] systemd[1]: Reached target User and Group Name Lookups.
[[0;32m  OK  [0m] Reached target User and Group Name Lookups.
[   27.085052] systemd[1]: Listening on udev Kernel Socket.
[[0;32m  OK  [0m] Listening on udev Kernel Socket.
[   27.206282] systemd[1]: Created slice System Slice.
[[0;32m  OK  [0m] Created slice System Slice.
[   27.385419] systemd[1]: Reached target Slices.
[[0;32m  OK  [0m] Reached target Slices.
[   27.565632] systemd[1]: Created slice system-serial\x2dgetty.slice.
[[0;32m  OK  [0m] Created slice system-serial\x2dgetty.slice.
[   27.841494] systemd[1]: Listening on Syslog Socket.
[[0;32m  OK  [0m] Listening on Syslog Socket.
[   27.997148] systemd[1]: Listening on /dev/initctl Compatibility Named Pipe.
[[0;32m  OK  [0m] Listening on /dev/initctl Compatibility Named Pipe.
[   28.253404] systemd[1]: Listening on udev Control Socket.
[[0;32m  OK  [0m] Listening on udev Control Socket.
[   28.509180] systemd[1]: Listening on Journal Socket (/dev/log).
[[0;32m  OK  [0m] Listening on Journal Socket (/dev/log).
[   28.712912] systemd[1]: Reached target Encrypted Volumes.
[[0;32m  OK  [0m] Reached target Encrypted Volumes.
[   28.933118] systemd[1]: Reached target Swap.
[[0;32m  OK  [0m] Reached target Swap.
[   29.113027] systemd[1]: Started Trigger resolvconf update for networkd DNS.
[[0;32m  OK  [0m] Started Trigger resolvconf update for networkd DNS.
[   29.207619] systemd[1]: Listening on LVM2 metadata daemon socket.
[[0;32m  OK  [0m] Listening on LVM2 metadata daemon socket.
[   29.210150] systemd[1]: Listening on Journal Socket.
[[0;32m  OK  [0m] Listening on Journal Socket.
[   29.212911] systemd[1]: Starting Set console keymap...
         Starting Set console keymap...
[   29.410286] systemd[1]: Starting Monitoring of LVM2 mirrors, snapshots etc. using dmeventd or progress polling...
         Starting Monitoring of LVM2 mirrors... dmeventd or progress polling...
[   29.846862] systemd[1]: Starting Uncomplicated firewall...
         Starting Uncomplicated firewall...
[   30.053638] systemd[1]: Starting Nameserver information manager...
         Starting Nameserver information manager...
[   30.270185] systemd[1]: Mounting POSIX Message Queue File System...
         Mounting POSIX Message Queue File System...
[   30.413695] systemd[1]: Starting Journal Service...
         Starting Journal Service...
[   30.598032] systemd[1]: Starting Load Kernel Modules...
         Starting Load Kernel Modules...
[   30.779495] systemd[1]: Mounting Huge Pages File System...
         Mounting Huge Pa[   30.949773] Loading iSCSI transport class v2.0-870.
ges File System...
[   31.129185] iscsi: registered transport (tcp)
[   31.266604] systemd[1]: Mounting Debug File System...
         Mounting Debug File System...
[   31.340842] iscsi: registered transport (iser)
[   31.401621] systemd[1]: Starting Remount Root and Kernel File Systems...
         Starting Remount[   31.522374] EXT4-fs (sda1): re-mounted. Opts: (null)
 Root and Kernel File Systems...
[   31.708382] systemd[1]: Starting Create list of required static device nodes for the current kernel...
         Starting Create list of required st... nodes for the current kernel...
[   31.806569] systemd[1]: Mounted POSIX Message Queue File System.
[[0;32m  OK  [0m] Mounted POSIX Message Queue File System.
[   31.814533] systemd[1]: Mounted Debug File System.
[[0;32m  OK  [0m] Mounted Debug File System.
[   31.816625] systemd[1]: Mounted Huge Pages File System.
[[0;32m  OK  [0m] Mounted Huge Pages File System.
[   32.029142] systemd[1]: Started Journal Service.
[[0;32m  OK  [0m] Started Journal Service.
[[0;32m  OK  [0m] Started Set console keymap.
[[0;32m  OK  [0m] Started Uncomplicated firewall.
[[0;32m  OK  [0m] Started Load Kernel Modules.
[[0;32m  OK  [0m] Started Remount Root and Kernel File Systems.
[[0;32m  OK  [0m] Started Create list of required sta...ce nodes for the current kernel.
[[0;32m  OK  [0m] Started Nameserver information manager.
[[0;32m  OK  [0m] Started LVM2 metadata daemon.
         Starting Create Static Device Nodes in /dev...
         Starting Load/Save Random Seed...
         Starting udev Coldplug all Devices...
         Starting Initial cloud-init job (pre-networking)...
         Starting Apply Kernel Variables...
         Mounting FUSE Control File System...
         Starting Flush Journal to Persistent Storage...
[[0;32m  OK  [0m] Mounted FUSE Control File System.
[[0;32m  OK  [0m] Started Create Static Device Nodes in /dev.
[[0;32m  OK  [0m] Started Load/Save Random Seed.
[[0;32m  OK  [0m] Started udev Coldplug all Devices.
[[0;32m  OK  [0m] Started Apply Kernel Variables.
[[0;32m  OK  [0m] Started Monitoring of LVM2 mirrors,...ng dmeventd or progress polling.
         Starting udev Kernel Device Manager...
[[0;32m  OK  [0m] Started Flush Journal to Persistent Storage.
[[0;32m  OK  [0m] Started udev Kernel Device Manager.
[[0;32m  OK  [0m] Reached target Local File Systems (Pre).
[[0;32m  OK  [0m] Reached target Local File Systems.
         Starting Commit a transient machine-id on disk...
         Starting Set console font and keymap...
         Starting Create Volatile Files and Directories...
         Starting LSB: AppArmor initialization...
         Starting Tell Plymouth To Write Out Runtime Data...
[[0;32m  OK  [0m] Started Dispatch Password Requests to Console Directory Watch.
[[0;32m  OK  [0m] Started Commit a transient machine-id on disk.
[[0;32m  OK  [0m] Started Create Volatile Files and Directories.
[[0;32m  OK  [0m] Started Tell Plymouth To Write Out Runtime Data.
[[0;32m  OK  [0m] Found device /dev/ttyS0.
[[0;32m  OK  [0m] Reached target System Time Synchronized.
         Starting Update UTMP about System Boot/Shutdown...
[[0;32m  OK  [0m] Started Update UTMP about System Boot/Shutdown.
[[0;32m  OK  [0m] Started Set console font and keymap.
[[0;32m  OK  [0m] Created slice system-getty.slice.
[[0;32m  OK  [0m] Listening on Load/Save RF Kill Switch Status /dev/rfkill Watch.
[[0;32m  OK  [0m] Started LSB: AppArmor initialization.
[   27.466546] cloud-init[457]: Cloud-init v. 0.7.9 running 'init-local' at Tue, 10 Oct 2017 13:50:47 +0000. Up 27.05 seconds.
[[0;32m  OK  [0m] Started Initial cloud-init job (pre-networking).
[[0;32m  OK  [0m] Reached target Network (Pre).
         Starting Raise network interfaces...
[[0;32m  OK  [0m] Started Raise network interfaces.
         Starting Initial cloud-init job (metadata service crawler)...
[[0;32m  OK  [0m] Reached target Network.
[   29.669762] cloud-init[974]: Cloud-init v. 0.7.9 running 'init' at Tue, 10 Oct 2017 13:50:48 +0000. Up 28.20 seconds.
[   29.845196] cloud-init[974]: ci-info: ++++++++++++++++++++++++++++++++++++++Net device info++++++++++++++++++++++++++++++++++++++
[   29.954708] cloud-init[974]: ci-info: +--------+-------+----------------------------+---------------+-------+-------------------+
[[0;32m  OK  [0m] Started Initial cloud-init job (metadata service crawler).
[   30.115472] cloud-init[974]: ci-info: | Device |   Up  |          Address           |      Mask     | Scope |     Hw-Address    |
[   30.404454] cloud-init[974]: ci-info: +--------+-------+----------------------------+---------------+-------+-------------------+
[   30.548688] cloud-init[974]: ci-info: | enp0s8 | False |             .              |       .       |   .   | 08:00:27:b1:66:4c |
[[0;32m  OK  [0m] Reached target Cloud-config availability.
[[0;32m  OK  [0m] Reached target System Initialization.
[   30.574269] cloud-init[974]: ci-info: | enp0s3 |  True |         10.0.2.15          | 255.255.255.0 |   .   | 02:79:78:05:52:90 |
[   30.940606] cloud-init[974]: ci-info: | enp0s3 |  True | fe80::79:78ff:fe05:5290/64 |       .       |  link | 02:79:78:05:52:90 |
[[0;32m  OK  [0m] [   31.080183] cloud-init[974]: ci-info: |   lo   |  True |         127.0.0.1          |   255.0.0.0   |   .   |         .         |
[   31.080422] cloud-init[974]: ci-info: |   lo   |  True |          ::1/128           |       .       |  host |         .         |
[   31.080473] cloud-init[974]: ci-info: | enp0s9 | False |             .              |       .       |   .   | 08:00:27:2a:7c:07 |
[   31.080519] cloud-init[974]: ci-info: +--------+-------+----------------------------+---------------+-------+-------------------+
[   31.080554] cloud-init[974]: ci-info: +++++++++++++++++++++++++++Route IPv4 info++++++++++++++++++++++++++++
[   31.080591] cloud-init[974]: ci-info: +-------+-------------+----------+---------------+-----------+-------+
[   31.080630] cloud-init[974]: ci-info: | Route | Destination | Gateway  |    Genmask    | Interface | Flags |
[   31.080670] cloud-init[974]: ci-info: +-------+-------------+----------+---------------+-----------+-------+
[   31.080706] cloud-init[974]: ci-info: |   0   |   0.0.0.0   | 10.0.2.2 |    0.0.0.0    |   enp0s3  |   UG  |
[   31.080741] cloud-init[974]: ci-info: |   1   |   10.0.2.0  | 0.0.0.0  | 255.255.255.0 |   enp0s3  |   U   |
[   31.080777] cloud-init[974]: ci-info: +-------+-------------+----------+---------------+-----------+-------+
[   31.080838] cloud-init[974]: Generating public/private rsa key pair.
[   31.080894] cloud-init[974]: Your identification has been saved in /etc/ssh/ssh_host_rsa_key.
[   31.080934] cloud-init[974]: Your public key has been saved in /etc/ssh/ssh_host_rsa_key.pub.
[   31.080970] cloud-init[974]: The key fingerprint is:
[   31.081007] cloud-init[974]: SHA256:mLifk+CY8RhcqVod3sf+KjaeOAxulQ+fM5cVDp9/xvs root@ubuntu-xenial
[   31.081043] cloud-init[974]: The key's randomart image is:
[   31.081079] cloud-init[974]: +---[RSA 2048]----+
[   31.081113] cloud-init[974]: |                 |
[   31.081148] cloud-init[974]: |                 |
[   31.081185] cloud-init[974]: |     .           |
[   31.081223] cloud-init[974]: |    +. o. .      |
[   31.081258] cloud-init[974]: | . =.+o.S+ o     |
[   31.081295] cloud-init[974]: |  B B.. o =      |
[   31.081330] cloud-init[974]: | + %.= = o . .   |
[   31.081366] cloud-init[974]: |. * =o%o+   . +  |
[   31.081400] cloud-init[974]: | .  .+=B.o.  o.oE|
[   31.081434] cloud-init[974]: +----[SHA256]-----+
[   31.081469] cloud-init[974]: Generating public/private dsa key pair.
[   31.081505] cloud-init[974]: Your identification has been saved in /etc/ssh/ssh_host_dsa_key.
[   31.081540] cloud-init[974]: Your public key has been saved in /etc/ssh/ssh_host_dsa_key.pub.
[   31.081576] cloud-init[974]: The key fingerprint is:
[   31.081614] cloud-init[974]: SHA256:6enYUWrMuud5tcc5anYJUDGt+PZXPI5casNXkmLT0dE root@ubuntu-xenial
[   31.081662] cloud-init[974]: The key's randomart image is:
[   31.081698] cloud-init[974]: +---[DSA 1024]----+
[   31.081733] cloud-init[974]: |            oo  .|
[   31.081769] cloud-init[974]: |            ....E|
[   31.081805] cloud-init[974]: |           o . ..|
[   31.081848] cloud-init[974]: |         .o . . .|
[   31.082930] cloud-init[974]: |        S .o . + |
[   31.082968] cloud-init[974]: |       + +  O +o+|
[   31.083008] cloud-init[974]: |        O  +oB=++|
[   31.083043] cloud-init[974]: |       *.o. +BOo.|
[   31.083078] cloud-init[974]: |      ++=. oo+oo |
[   31.083114] cloud-init[974]: +----[SHA256]-----+
[   31.083148] cloud-init[974]: Generating public/private ecdsa key pair.
[   31.083184] cloud-init[974]: Your identification has been saved in /etc/ssh/ssh_host_ecdsa_key.
[   31.083219] cloud-init[974]: Your public key has been saved in /etc/ssh/ssh_host_ecdsa_key.pub.
[   31.083255] cloud-init[974]: The key fingerprint is:
[   31.083290] cloud-init[974]: SHA256:AL29Bu3yZrlN89CK+SYU3PJuee+wYilJYMVh9UTSjKM root@ubuntu-xenial
[   31.083325] cloud-init[974]: The key's randomart image is:
[   31.083359] cloud-init[974]: +---[ECDSA 256]---+
[   31.083395] cloud-init[974]: |    .. .ooo=o    |
[   31.083432] cloud-init[974]: |     ...o o+o    |
[   31.083469] cloud-init[974]: |      .* o ..    |
[   31.083504] cloud-init[974]: |      =.E .      |Listening on UUID daemon activation socket.

[   33.032594] cloud-init[974]: |     . +S=       |
[   33.034970] cloud-init[974]: |      . * ..     |
[   33.100402] cloud-init[974]: |       * ++oo    |
         Starting LXD - unix socket.
[[0;32m  OK  [0m] Listening on ACPID Listen Socket.
[   33.146964] cloud-init[974]: |        O=O=.o   |
[   33.284999] cloud-init[974]: |       o+O+oooo  |
[[0;32m  OK  [0m] Listening on D-Bus System Message Bus Socket.
[[0;32m  OK  [0m] Started Timer to automatically refresh installed snaps.
[   33.310448] cloud-init[974]: +----[SHA256]-----+
[   33.416754] cloud-init[974]: Generating public/private ed25519 key pair.
         Starting Socket activation for snappy daemon.
[[0;32m  OK  [0m] Started Daily Cleanup of Temporary Directories.
[   33.434664] cloud-init[974]: Your identification has been saved in /etc/ssh/ssh_host_ed25519_key.
[   33.690655] cloud-init[974]: Your public key has been saved in /etc/ssh/ssh_host_ed25519_key.pub.
[[0;32m  OK  [0m] Started ACPI Events Check.
[[0;32m  OK  [0m] Reached target Paths.
[   33.696941] cloud-init[974]: The key fingerprint is:
[   33.845364] cloud-init[974]: SHA256:ojsVu9eqAb8m6kR4PmJOdJNOn8NgvZ4xikIV4RE3x9U root@ubuntu-xenial
[[0;32m  OK  [0m] Started Timer to automatically fetch and run repair assertions.
[[0;32m  OK  [0m] Reached target Network is Online.
[   33.983106] cloud-init[974]: The key's randomart image is:
[   34.144915] cloud-init[974]: +--[ED25519 256]--+
         Starting iSCSI initiator daemon (iscsid)...
[[0;32m  OK  [0m] Started Daily apt download activities.
[[0;32m  OK  [0m] Started Daily apt upgrade and clean activities.
[   34.191411] cloud-init[974]: |   +oo.....      |
[   34.206660] cloud-init[974]: |  ..o o.   E     |
[[   34.264191] cloud-init[974]: |   ..            |
[   34.264438] cloud-init[974]: | . .o .          |
[   34.264482] cloud-init[974]: |..+B...oS        |
[   34.264521] cloud-init[974]: |.== =+=.         |
[   34.264560] cloud-init[974]: |oo+..Xo. .       |
[   34.264609] cloud-init[974]: |=o..=.Bo. .      |
[   34.264906] cloud-init[974]: |.+oo.*oo..       |
[   34.264999] cloud-init[974]: +----[SHA256]-----+
[0;32m  OK  [0m] Reached target Timers.
[[0;32m  OK  [0m] Listening on LXD - unix socket.
[[0;32m  OK  [0m] Listening on Socket activation for snappy daemon.
[[0;32m  OK  [0m] Reached target Sockets.
[[0;32m  OK  [0m] Reached target Basic System.
         Starting Apply the settings specified in cloud-config...
[[0;32m  OK  [0m] Started D-Bus System Message Bus.
         Starting LSB: MD monitoring daemon...
[[0;32m  OK  [0m] Started Deferred execution scheduler.
         Starting System Logging Service...
[[0;32m  OK  [0m] Started ACPI event daemon.
[[0;32m  OK  [0m] Started Regular background program processing daemon.
[[0;32m  OK  [0m] Started Unattended Upgrades Shutdown.
         Starting Login Service...
[[0;32m  OK  [0m] Started FUSE filesystem for LXC.
         Starting LSB: Record successful boot for GRUB...
         Starting /etc/rc.local Compatibility...
         Starting Pollinate to seed the pseudo random number generator...
         Starting Snappy daemon...
         Starting Accounts Service...
         Starting LXD - container startup/shutdown...
[[0;32m  OK  [0m] Started System Logging Service.
[[0;32m  OK  [0m] Started iSCSI initiator daemon (iscsid).
[[0;32m  OK  [0m] Started /etc/rc.local Compatibility.
[[0;32m  OK  [0m] Started Login Service.
         Starting Login to default iSCSI targets...
[   36.035279] cloud-init[1074]: Generating locales (this might take a while)...
[[0;32m  OK  [0m] Started LSB: MD monitoring daemon.
[[0;32m  OK  [0m] Started LSB: Record successful boot for GRUB.
[[0;32m  OK  [0m] Started Login to default iSCSI targets.
[[0;32m  OK  [0m] Reached target Remote File Systems (Pre).
[[0;32m  OK  [0m] Reached target Remote File Systems.
         Starting LSB: daemon to balance interrupts for SMP systems...
         Starting Permit User Sessions...
         Starting LSB: Set the CPU Frequency Scaling governor to "ondemand"...
         Starting LSB: VirtualBox Linux Additions...
         Starting LSB: automatic crash report generation...
[[0;32m  OK  [0m] Started Permit User Sessions.
[[0;32m  OK  [0m] Started LSB: Set the CPU Frequency Scaling governor to "ondemand".
         Starting Hold until boot process finishes up...
         Starting Terminate Plymouth Boot Screen...
[[0;32m  OK  [0m] Started Hold until boot process finishes up.
[[0;32m  OK  [0m] Started LSB: daemon to balance interrupts for SMP systems.
[[0;32m  OK  [0m] Started Terminate Plymouth Boot Screen.
         Starting Set console scheme...
[[0;32m  OK  [0m] Started Getty on tty1.
[[0;32m  OK  [0m] Started Serial Getty on ttyS0.
[[0;32m  OK  [0m] Reached target Login Prompts.
[[0;32m  OK  [0m] Started Set console scheme.
[[0;32m  OK  [0m] Started LSB: automatic crash report generation.
         Starting Authenticate and Authorize Users to Run Privileged Tasks...
[[0;32m  OK  [0m] Started Snappy daemon.
         Starting Auto import assertions from block devices...
[[0;32m  OK  [0m] Started Auto import assertions from block devices.
[[0;32m  OK  [0m] Started Authenticate and Authorize Users to Run Privileged Tasks.
[[0;32m  OK  [0m] Started LSB: VirtualBox Linux Additions.
[[0;32m  OK  [0m] Started Accounts Service.
[[0;32m  OK  [0m] Started Pollinate to seed the pseudo random number generator.
         Starting OpenBSD Secure Shell server...
[[0;32m  OK  [0m] Started OpenBSD Secure Shell server.
[[0;32m  OK  [0m] Started LXD - container startup/shutdown.
[[0;32m  OK  [0m] Reached target Multi-User System.
[[0;32m  OK  [0m] Reached target Graphical Interface.
         Starting Update UTMP about System Runlevel Changes...
[[0;32m  OK  [0m] Started Update UTMP about System Runlevel Changes.
[   38.474495] cloud-init[1074]:   en_US.UTF-8... done
[   38.553177] cloud-init[1074]: Generation complete.
         Stopping OpenBSD Secure Shell server...
[[0;32m  OK  [0m] Stopped OpenBSD Secure Shell server.
         Starting OpenBSD Secure Shell server...
[[0;32m  OK  [0m] Started OpenBSD Secure Shell server.
[[0;32m  OK  [0m] Created slice User Slice of ubuntu.
         Starting User Manager for UID 1000...
[[0;32m  OK  [0m] Started Session 1 of user ubuntu.
[[0;32m  OK  [0m] Started User Manager for UID 1000.
[   40.168302] cloud-init[1074]: Cloud-init v. 0.7.9 running 'modules:config' at Tue, 10 Oct 2017 13:50:55 +0000. Up 35.21 seconds.
[[0;32m  OK  [0m] Started Apply the settings specified in cloud-config.
         Starting Execute cloud user/final scripts...
ci-info: no authorized ssh keys fingerprints found for user ubuntu.
<14>Oct 10 13:51:01 ec2: 
<14>Oct 10 13:51:01 ec2: #############################################################
<14>Oct 10 13:51:01 ec2: -----BEGIN SSH HOST KEY FINGERPRINTS-----
<14>Oct 10 13:51:01 ec2: 1024 SHA256:6enYUWrMuud5tcc5anYJUDGt+PZXPI5casNXkmLT0dE root@ubuntu-xenial (DSA)
<14>Oct 10 13:51:01 ec2: 256 SHA256:AL29Bu3yZrlN89CK+SYU3PJuee+wYilJYMVh9UTSjKM root@ubuntu-xenial (ECDSA)
<14>Oct 10 13:51:01 ec2: 256 SHA256:ojsVu9eqAb8m6kR4PmJOdJNOn8NgvZ4xikIV4RE3x9U root@ubuntu-xenial (ED25519)
<14>Oct 10 13:51:01 ec2: 2048 SHA256:mLifk+CY8RhcqVod3sf+KjaeOAxulQ+fM5cVDp9/xvs root@ubuntu-xenial (RSA)
<14>Oct 10 13:51:01 ec2: -----END SSH HOST KEY FINGERPRINTS-----
<14>Oct 10 13:51:01 ec2: #############################################################
-----BEGIN SSH HOST KEY KEYS-----
ecdsa-sha2-nistp256 AAAAE2VjZHNhLXNoYTItbmlzdHAyNTYAAAAIbmlzdHAyNTYAAABBBPZ48HBZEV4bYy6xNYea28boPVAn0+A2IWeH19jSDKn0BqizmkVt6pcgITs4NKfQKb1cWMnInvQXkPSmQ7qh338= root@ubuntu-xenial
ssh-ed25519 AAAAC3NzaC1lZDI1NTE5AAAAIGa4/e5oB+GsG/NZAH4W9F6EOcMRFa1q0/Ut+TLyik3N root@ubuntu-xenial
ssh-rsa AAAAB3NzaC1yc2EAAAADAQABAAABAQCxQNCQixY3orvhttmqzCWgkGHJKTGiTuQhkUoJ8fkNEmfArlNUBJJ90bJTbqhuWWiVHrBwO3m65JxrtZFsGVA9JFKcN+A2JmDd05nFKIpGvOjgFlFytAe1AP3EVNqi0JMDbVojFvDjukIkysrdl2LKHOaPZiXZkcVGRTIT/ZlGkwLl+KBBhF0gurCPFX5Yk3GM9LsthiMSCbDl6IvmelzEn9LfB8HM1VTnldULvR/OYGB8paHXVf0JRJHoAormw4RpQlibvYg7h6tzk0oJKWRhh72cNkDl1BxFUEOsY5nOjrNzEUhHNtZhbA6NATOUb9j0rbQ4ed7/twzoHYPLSYtf root@ubuntu-xenial
-----END SSH HOST KEY KEYS-----
[   41.399862] cloud-init[1432]: Cloud-init v. 0.7.9 running 'modules:final' at Tue, 10 Oct 2017 13:51:00 +0000. Up 40.70 seconds.
[   41.568727] cloud-init[1432]: ci-info: no authorized ssh keys fingerprints found for user ubuntu.
[   41.672846] cloud-init[1432]: Cloud-init v. 0.7.9 finished at Tue, 10 Oct 2017 13:51:01 +0000. Datasource DataSourceNoCloud [seed=/dev/sdb][dsmode=net].  Up 41.38 seconds
[[0;32m  OK  [0m] Started Execute cloud user/final scripts.
[[0;32m  OK  [0m] Reached target Cloud-init target.

Ubuntu 16.04.3 LTS ubuntu-xenial ttyS0

ubuntu-xenial login: 